<?xml version="1.0" encoding="UTF-8"?>
<testng-results skipped="0" failed="0" ignored="0" total="1" passed="1">
  <reporter-output>
  </reporter-output>
  <suite name="Default suite" duration-ms="2423" started-at="2019-04-02T18:16:22Z" finished-at="2019-04-02T18:16:24Z">
    <groups>
    </groups>
    <test name="Default test" duration-ms="2423" started-at="2019-04-02T18:16:22Z" finished-at="2019-04-02T18:16:24Z">
      <class name="org.testing.testcases.Delete_TestCase">
        <test-method status="PASS" signature="thirdTestCase()[pri:0, instance:org.testing.testcases.Delete_TestCase@61832929]" name="thirdTestCase" duration-ms="2349" started-at="2019-04-02T18:16:22Z" finished-at="2019-04-02T18:16:24Z">
          <reporter-output>
          </reporter-output>
        </test-method> <!-- thirdTestCase -->
      </class> <!-- org.testing.testcases.Delete_TestCase -->
    </test> <!-- Default test -->
  </suite> <!-- Default suite -->
</testng-results>
